c:\xme\exercitii_c\marcel\exercitii\debug\vc142.pdb
c:\xme\exercitii_c\marcel\exercitii\debug\vc142.idb
c:\xme\exercitii_c\marcel\exercitii\debug\mirror.obj
c:\xme\marcel\exercitii\debug\vc142.pdb
c:\xme\marcel\exercitii\debug\vc142.idb
c:\xme\marcel\exercitii\debug\mirror.obj
c:\xme\exercitii_c\marcel\debug\exercitii.exe
c:\xme\exercitii_c\marcel\debug\exercitii.ilk
c:\xme\exercitii_c\marcel\debug\exercitii.pdb
c:\xme\marcel\exercitii\debug\exercitii.ilk
c:\xme\marcel\debug\exercitii.exe
c:\xme\marcel\debug\exercitii.pdb
c:\xm\dev\marcel\exercitii\debug\ex mirror.obj
c:\xm\dev\marcel\exercitii\debug\mirror.obj
c:\xm\dev\marcel\exercitii\debug\exercitii.ilk
c:\xm\dev\marcel\exercitii\debug\vc142.idb
c:\xm\dev\marcel\exercitii\debug\vc142.pdb
c:\xm\dev\marcel\debug\exercitii.pdb
c:\xm\dev\marcel\debug\exercitii.exe
c:\xm\dev\marcel\debug\exercitii.ilk
c:\xm\dev\marcel\exercitii\debug\exercitii.tlog\cl.command.1.tlog
c:\xm\dev\marcel\exercitii\debug\exercitii.tlog\cl.read.1.tlog
c:\xm\dev\marcel\exercitii\debug\exercitii.tlog\cl.write.1.tlog
c:\xm\dev\marcel\exercitii\debug\exercitii.tlog\link.command.1.tlog
c:\xm\dev\marcel\exercitii\debug\exercitii.tlog\link.read.1.tlog
c:\xm\dev\marcel\exercitii\debug\exercitii.tlog\link.write.1.tlog
